<?xml version="1.0" encoding="UTF-8"?>
<!-- Generated by org.testng.reporters.JUnitReportReporter -->
<testsuite hostname="VenkatalamsAir2.attlocal.net" failures="0" tests="1" name="testrunners.MyTestRunner" time="25.213" errors="0" timestamp="2023-12-07T13:07:42 EST" skipped="0">
  <testcase classname="testrunners.MyTestRunner" name="runScenario" time="25.213"/>
  <system-out/>
</testsuite> <!-- testrunners.MyTestRunner -->
